<?xml version="1.0" encoding="UTF-8"?><testsuite errors="1" failures="0" name="screenplayWeb.features111.Login" skipped="0" tests="1" time="50.71" timestamp="2021-04-18T12:15:18.154+07:00[Asia/Bangkok]"><testcase classname="screenplayWeb.features111.Login" name="Anna login"><error message="Could not instantiate class org.openqa.selenium.firefox.FirefoxDriver" type="net.thucydides.core.webdriver.UnsupportedDriverException">Could not instantiate class org.openqa.selenium.firefox.FirefoxDriver</error><system-err>Could not instantiate class org.openqa.selenium.firefox.FirefoxDriver&#13;
screenplayWeb.tasks.LoginAction.performAs(LoginAction.java:22)&#13;
screenplayWeb.features111.Login.annaLogin(Login.java:24)&#13;
</system-err></testcase></testsuite>