<?xml version="1.0" encoding="UTF-8"?><testsuite errors="1" failures="0" name="screenplayWeb.features.search.Login" skipped="0" tests="1" time="69.17" timestamp="2021-04-18T11:39:58.519+07:00[Asia/Bangkok]"><testcase classname="screenplayWeb.features.search.Login" name="Anna login"><error message="Could not instantiate class org.openqa.selenium.firefox.FirefoxDriver" type="net.thucydides.core.webdriver.UnsupportedDriverException">Could not instantiate class org.openqa.selenium.firefox.FirefoxDriver</error><system-err>Could not instantiate class org.openqa.selenium.firefox.FirefoxDriver&#13;
screenplayWeb.tasks.LoginAction.performAs(LoginAction.java:22)&#13;
screenplayWeb.features.search.Login.annaLogin(Login.java:27)&#13;
</system-err></testcase></testsuite>